<?xml version="1.0" encoding="UTF-8"?>
<!-- Generated by org.testng.reporters.JUnitReportReporter -->
<testsuite skipped="0" hostname="LAPTOP-1D80R0FU" name="gitTest.GitTest" tests="1" failures="0" timestamp="04 Mar 2018 11:32:30 GMT" time="19.286" errors="0">
  <testcase name="loginTest" time="19.286" classname="gitTest.GitTest"/>
</testsuite> <!-- gitTest.GitTest -->
