<?xml version="1.0" encoding="UTF-8"?>
<!-- Generated by org.testng.reporters.JUnitReportReporter -->
<testsuite name="gitTest.GitTest2" tests="1" time="19.458" ignored="0" failures="0" timestamp="04 Mar 2018 11:50:50 GMT" skipped="0" hostname="LAPTOP-1D80R0FU" errors="0">
  <testcase name="loginTest" time="19.458" classname="gitTest.GitTest2"/>
</testsuite> <!-- gitTest.GitTest2 -->
